Traceback (most recent call last):
  File "/usr/lib/python2.7/dist-packages/twisted/application/app.py", line 323, in runReactorWithLogging
    reactor.run()
  File "/usr/lib/python2.7/dist-packages/twisted/internet/base.py", line 1168, in run
    self.startRunning(installSignalHandlers=installSignalHandlers)
  File "/usr/lib/python2.7/dist-packages/twisted/internet/base.py", line 1148, in startRunning
    ReactorBase.startRunning(self)
  File "/usr/lib/python2.7/dist-packages/twisted/internet/base.py", line 680, in startRunning
    raise error.ReactorNotRestartable()
ReactorNotRestartable
Traceback (most recent call last):
  File "/usr/lib/python2.7/dist-packages/twisted/application/app.py", line 323, in runReactorWithLogging
    reactor.run()
  File "/usr/lib/python2.7/dist-packages/twisted/internet/base.py", line 1168, in run
    self.startRunning(installSignalHandlers=installSignalHandlers)
  File "/usr/lib/python2.7/dist-packages/twisted/internet/base.py", line 1148, in startRunning
    ReactorBase.startRunning(self)
  File "/usr/lib/python2.7/dist-packages/twisted/internet/base.py", line 680, in startRunning
    raise error.ReactorNotRestartable()
ReactorNotRestartable
Traceback (most recent call last):
  File "/usr/lib/python2.7/dist-packages/twisted/application/app.py", line 323, in runReactorWithLogging
    reactor.run()
  File "/usr/lib/python2.7/dist-packages/twisted/internet/base.py", line 1168, in run
    self.startRunning(installSignalHandlers=installSignalHandlers)
  File "/usr/lib/python2.7/dist-packages/twisted/internet/base.py", line 1148, in startRunning
    ReactorBase.startRunning(self)
  File "/usr/lib/python2.7/dist-packages/twisted/internet/base.py", line 680, in startRunning
    raise error.ReactorNotRestartable()
ReactorNotRestartable
Traceback (most recent call last):
  File "/usr/lib/python2.7/dist-packages/twisted/application/app.py", line 323, in runReactorWithLogging
    reactor.run()
  File "/usr/lib/python2.7/dist-packages/twisted/internet/base.py", line 1168, in run
    self.startRunning(installSignalHandlers=installSignalHandlers)
  File "/usr/lib/python2.7/dist-packages/twisted/internet/base.py", line 1148, in startRunning
    ReactorBase.startRunning(self)
  File "/usr/lib/python2.7/dist-packages/twisted/internet/base.py", line 680, in startRunning
    raise error.ReactorNotRestartable()
ReactorNotRestartable
Traceback (most recent call last):
  File "/usr/lib/python2.7/dist-packages/twisted/application/app.py", line 323, in runReactorWithLogging
    reactor.run()
  File "/usr/lib/python2.7/dist-packages/twisted/internet/base.py", line 1168, in run
    self.startRunning(installSignalHandlers=installSignalHandlers)
  File "/usr/lib/python2.7/dist-packages/twisted/internet/base.py", line 1148, in startRunning
    ReactorBase.startRunning(self)
  File "/usr/lib/python2.7/dist-packages/twisted/internet/base.py", line 680, in startRunning
    raise error.ReactorNotRestartable()
ReactorNotRestartable
